#
# There is insufficient memory for the Java Runtime Environment to continue.
# Native memory allocation (mmap) failed to map 662700032 bytes for G1 virtual space
# Possible reasons:
#   The system is out of physical RAM or swap space
#   The process is running with CompressedOops enabled, and the Java Heap may be blocking the growth of the native heap
# Possible solutions:
#   Reduce memory load on the system
#   Increase physical memory or swap space
#   Check if swap backing store is full
#   Decrease Java heap size (-Xmx/-Xms)
#   Decrease number of Java threads
#   Decrease Java thread stack sizes (-Xss)
#   Set larger code cache with -XX:ReservedCodeCacheSize=
#   JVM is running with Zero Based Compressed Oops mode in which the Java heap is
#     placed in the first 32GB address space. The Java Heap base address is the
#     maximum limit for the native heap growth. Please use -XX:HeapBaseMinAddress
#     to set the Java Heap base and to place the Java Heap above 32GB virtual address.
# This output file may be truncated or incomplete.
#
#  Out of Memory Error (./open/src/hotspot/os/windows/os_windows.cpp:3321), pid=29592, tid=6372
#
# JRE version:  (15.0.2+7) (build )
# Java VM: OpenJDK 64-Bit Server VM (15.0.2+7-27, mixed mode, sharing, tiered, compressed oops, g1 gc, windows-amd64)
# No core dump will be written. Minidumps are not enabled by default on client versions of Windows
#

---------------  S U M M A R Y ------------

Command Line: -Djava.library.path=C:\Users\tom.lind\Downloads\MonkeyRunner (1)\MonkeyRunner -Dfile.encoding=Cp1252 -XX:+ShowCodeDetailsInExceptionMessages game.MainClass

Host: Intel(R) Core(TM) i7-8565U CPU @ 1.80GHz, 8 cores, 39G,  Windows 10 , 64 bit Build 19041 (10.0.19041.1348)
Time: Sat Jan  1 12:38:01 2022 Jerusalem Standard Time elapsed time: 0.008648 seconds (0d 0h 0m 0s)

---------------  T H R E A D  ---------------

Current thread (0x00000119c9e9e800):  JavaThread "Unknown thread" [_thread_in_vm, id=6372, stack(0x0000000100600000,0x0000000100700000)]

Stack: [0x0000000100600000,0x0000000100700000]
Native frames: (J=compiled Java code, j=interpreted, Vv=VM code, C=native code)
V  [jvm.dll+0x62ae9a]
V  [jvm.dll+0x7817a9]
V  [jvm.dll+0x782f03]
V  [jvm.dll+0x783563]
V  [jvm.dll+0x216325]
V  [jvm.dll+0x6281d9]
V  [jvm.dll+0x61cf55]
V  [jvm.dll+0x2cffdd]
V  [jvm.dll+0x2cfe42]
V  [jvm.dll+0x2d5e1c]
V  [jvm.dll+0x32590a]
V  [jvm.dll+0x324fd4]
V  [jvm.dll+0x2a6f5a]
V  [jvm.dll+0x2a80f8]
V  [jvm.dll+0x75e241]
V  [jvm.dll+0x3341c4]
V  [jvm.dll+0x73e926]
V  [jvm.dll+0x3b7557]
V  [jvm.dll+0x3b8fe1]
C  [jli.dll+0x52fb]
C  [ucrtbase.dll+0x21bb2]
C  [KERNEL32.DLL+0x17034]
C  [ntdll.dll+0x52651]


---------------  P R O C E S S  ---------------

Threads class SMR info:
_java_thread_list=0x00007ffbe7204ff0, length=0, elements={
}

Java Threads: ( => current thread )

Other Threads:
  0x00000119ca0b0130 GCTaskThread "GC Thread#0" [stack: 0x0000000100700000,0x0000000100800000] [id=8108]
  0x00000119ca0d9040 ConcurrentGCThread "G1 Main Marker" [stack: 0x0000000100800000,0x0000000100900000] [id=31356]
  0x00000119ca0d9bc0 ConcurrentGCThread "G1 Conc#0" [stack: 0x0000000100900000,0x0000000100a00000] [id=29848]

[error occurred during error reporting (printing all threads), id 0xc0000005, EXCEPTION_ACCESS_VIOLATION (0xc0000005) at pc=0x00007ffbe69f7e27]

VM state: not at safepoint (not fully initialized)

VM Mutex/Monitor currently owned by a thread:  ([mutex/lock_event])
[0x00000119c9e9ba90] Heap_lock - owner thread: 0x00000119c9e9e800

Heap address: 0x000000058d000000, size: 10032 MB, Compressed Oops mode: Zero based, Oop shift amount: 3
CDS archive(s) mapped at: [0x0000000000000000-0x0000000000000000-0x0000000000000000), size 0, SharedBaseAddress: 0x0000000800000000, ArchiveRelocationMode: 0.
Narrow klass base: 0x0000000000000000, Narrow klass shift: 0, Narrow klass range: 0x0

Heap:
 garbage-first heap   total 647168K, used 0K [0x000000058d000000, 0x0000000800000000)
  region size 8192K, 0 young (0K), 0 survivors (0K)
 Metaspace       used 0K, capacity 0K, committed 0K, reserved 0K
  class space    used 0K, capacity 0K, committed 0K, reserved 0K

Heap Regions: E=young(eden), S=young(survivor), O=old, HS=humongous(starts), HC=humongous(continues), CS=collection set, F=free, OA=open archive, CA=closed archive, TAMS=top-at-mark-start (previous, next)

Card table byte_map: [0x00000119e0040000,0x00000119e13e0000] _byte_map_base: 0x00000119dd3d8000

Marking Bits (Prev, Next): (CMBitMap*) 0x00000119ca0b08b0, (CMBitMap*) 0x00000119ca0b08f0
 Prev Bits: [0x00000119e2780000, 0x00000119ec440000)
 Next Bits: [0x00000119ec440000, 0x00000119f6100000)

GC Heap History (0 events):
No events

Deoptimization events (0 events):
No events

Classes unloaded (0 events):
No events

Classes redefined (0 events):
No events

Internal exceptions (0 events):
No events

Events (1 events):
Event: 0.005 Loaded shared library C:\Users\tom.lind\.p2\pool\plugins\org.eclipse.justj.openjdk.hotspot.jre.full.win32.x86_64_15.0.2.v20210201-0955\jre\bin\java.dll


Dynamic libraries:
0x00007ff726d00000 - 0x00007ff726d0d000 	C:\Users\tom.lind\.p2\pool\plugins\org.eclipse.justj.openjdk.hotspot.jre.full.win32.x86_64_15.0.2.v20210201-0955\jre\bin\javaw.exe
0x00007ffc672f0000 - 0x00007ffc674e5000 	C:\WINDOWS\SYSTEM32\ntdll.dll
0x00007ffc671f0000 - 0x00007ffc672ae000 	C:\WINDOWS\System32\KERNEL32.DLL
0x00007ffc64e90000 - 0x00007ffc65158000 	C:\WINDOWS\System32\KERNELBASE.dll
0x00007ffc65240000 - 0x00007ffc65340000 	C:\WINDOWS\System32\ucrtbase.dll
0x00007ffc5f7b0000 - 0x00007ffc5f7c8000 	C:\Users\tom.lind\.p2\pool\plugins\org.eclipse.justj.openjdk.hotspot.jre.full.win32.x86_64_15.0.2.v20210201-0955\jre\bin\jli.dll
0x00007ffc5d570000 - 0x00007ffc5d589000 	C:\Users\tom.lind\.p2\pool\plugins\org.eclipse.justj.openjdk.hotspot.jre.full.win32.x86_64_15.0.2.v20210201-0955\jre\bin\VCRUNTIME140.dll
0x00007ffc654d0000 - 0x00007ffc65671000 	C:\WINDOWS\System32\USER32.dll
0x00007ffc65210000 - 0x00007ffc65232000 	C:\WINDOWS\System32\win32u.dll
0x00007ffc4a6b0000 - 0x00007ffc4a94a000 	C:\WINDOWS\WinSxS\amd64_microsoft.windows.common-controls_6595b64144ccf1df_6.0.19041.1110_none_60b5254171f9507e\COMCTL32.dll
0x00007ffc67000000 - 0x00007ffc6702b000 	C:\WINDOWS\System32\GDI32.dll
0x00007ffc660f0000 - 0x00007ffc6618e000 	C:\WINDOWS\System32\msvcrt.dll
0x00007ffc64bd0000 - 0x00007ffc64cdb000 	C:\WINDOWS\System32\gdi32full.dll
0x00007ffc64ce0000 - 0x00007ffc64d7d000 	C:\WINDOWS\System32\msvcp_win.dll
0x00007ffc66830000 - 0x00007ffc66860000 	C:\WINDOWS\System32\IMM32.DLL
0x00007ffc60580000 - 0x00007ffc6058c000 	C:\Users\tom.lind\.p2\pool\plugins\org.eclipse.justj.openjdk.hotspot.jre.full.win32.x86_64_15.0.2.v20210201-0955\jre\bin\vcruntime140_1.dll
0x00007ffc1b300000 - 0x00007ffc1b391000 	C:\Users\tom.lind\.p2\pool\plugins\org.eclipse.justj.openjdk.hotspot.jre.full.win32.x86_64_15.0.2.v20210201-0955\jre\bin\msvcp140.dll
0x00007ffbe6740000 - 0x00007ffbe729e000 	C:\Users\tom.lind\.p2\pool\plugins\org.eclipse.justj.openjdk.hotspot.jre.full.win32.x86_64_15.0.2.v20210201-0955\jre\bin\server\jvm.dll
0x00007ffc65e10000 - 0x00007ffc65ebc000 	C:\WINDOWS\System32\ADVAPI32.dll
0x00007ffc65690000 - 0x00007ffc6572b000 	C:\WINDOWS\System32\sechost.dll
0x00007ffc65bb0000 - 0x00007ffc65cda000 	C:\WINDOWS\System32\RPCRT4.dll
0x00007ffc65680000 - 0x00007ffc65688000 	C:\WINDOWS\System32\PSAPI.DLL
0x00007ffc47a80000 - 0x00007ffc47aa7000 	C:\WINDOWS\SYSTEM32\WINMM.dll
0x00007ffc5ec60000 - 0x00007ffc5ec6a000 	C:\WINDOWS\SYSTEM32\VERSION.dll
0x00007ffc46d60000 - 0x00007ffc46d69000 	C:\WINDOWS\SYSTEM32\WSOCK32.dll
0x00007ffc66620000 - 0x00007ffc6668b000 	C:\WINDOWS\System32\WS2_32.dll
0x00007ffc628d0000 - 0x00007ffc628e2000 	C:\WINDOWS\SYSTEM32\kernel.appcore.dll
0x00007ffc3b990000 - 0x00007ffc3b99a000 	C:\Users\tom.lind\.p2\pool\plugins\org.eclipse.justj.openjdk.hotspot.jre.full.win32.x86_64_15.0.2.v20210201-0955\jre\bin\jimage.dll
0x00007ffc51420000 - 0x00007ffc51604000 	C:\WINDOWS\SYSTEM32\DBGHELP.DLL
0x00007ffc47740000 - 0x00007ffc4776c000 	C:\WINDOWS\SYSTEM32\dbgcore.DLL
0x00007ffc64d80000 - 0x00007ffc64e03000 	C:\WINDOWS\System32\bcryptPrimitives.dll
0x00007ffc04850000 - 0x00007ffc04875000 	C:\Users\tom.lind\.p2\pool\plugins\org.eclipse.justj.openjdk.hotspot.jre.full.win32.x86_64_15.0.2.v20210201-0955\jre\bin\java.dll

dbghelp: loaded successfully - version: 4.0.5 - missing functions: none
symbol engine: initialized successfully - sym options: 0x614 - pdb path: .;C:\Users\tom.lind\.p2\pool\plugins\org.eclipse.justj.openjdk.hotspot.jre.full.win32.x86_64_15.0.2.v20210201-0955\jre\bin;C:\WINDOWS\SYSTEM32;C:\WINDOWS\WinSxS\amd64_microsoft.windows.common-controls_6595b64144ccf1df_6.0.19041.1110_none_60b5254171f9507e;C:\Users\tom.lind\.p2\pool\plugins\org.eclipse.justj.openjdk.hotspot.jre.full.win32.x86_64_15.0.2.v20210201-0955\jre\bin\server

VM Arguments:
jvm_args: -Djava.library.path=C:\Users\tom.lind\Downloads\MonkeyRunner (1)\MonkeyRunner -Dfile.encoding=Cp1252 -XX:+ShowCodeDetailsInExceptionMessages 
java_command: game.MainClass
java_class_path (initial): C:\Users\tom.lind\eclipse-workspace\Cleaner-Team 12\bin;C:\Users\tom.lind\eclipse-workspace\Cleaner-Team 12\executor.jar
Launcher Type: SUN_STANDARD

[Global flags]
     intx CICompilerCount                          = 4                                         {product} {ergonomic}
     uint ConcGCThreads                            = 2                                         {product} {ergonomic}
     uint G1ConcRefinementThreads                  = 8                                         {product} {ergonomic}
   size_t G1HeapRegionSize                         = 8388608                                   {product} {ergonomic}
    uintx GCDrainStackTargetSize                   = 64                                        {product} {ergonomic}
   size_t InitialHeapSize                          = 662700032                                 {product} {ergonomic}
   size_t MarkStackSize                            = 4194304                                   {product} {ergonomic}
   size_t MaxHeapSize                              = 10519314432                               {product} {ergonomic}
   size_t MinHeapDeltaBytes                        = 8388608                                   {product} {ergonomic}
   size_t MinHeapSize                              = 8388608                                   {product} {ergonomic}
    uintx NonNMethodCodeHeapSize                   = 5839372                                {pd product} {ergonomic}
    uintx NonProfiledCodeHeapSize                  = 122909434                              {pd product} {ergonomic}
    uintx ProfiledCodeHeapSize                     = 122909434                              {pd product} {ergonomic}
    uintx ReservedCodeCacheSize                    = 251658240                              {pd product} {ergonomic}
     bool SegmentedCodeCache                       = true                                      {product} {ergonomic}
     bool ShowCodeDetailsInExceptionMessages       = true                                   {manageable} {command line}
   size_t SoftMaxHeapSize                          = 10519314432                            {manageable} {ergonomic}
     bool UseCompressedClassPointers               = true                                 {lp64_product} {ergonomic}
     bool UseCompressedOops                        = true                                 {lp64_product} {ergonomic}
     bool UseG1GC                                  = true                                      {product} {ergonomic}
     bool UseLargePagesIndividualAllocation        = false                                  {pd product} {ergonomic}

Logging:
Log output configuration:
 #0: stdout all=warning uptime,level,tags
 #1: stderr all=off uptime,level,tags

Environment Variables:
JAVA_HOME=C:\Program Files\Java\jdk1.8.0_261
PATH=C:/Users/tom.lind/.p2/pool/plugins/org.eclipse.justj.openjdk.hotspot.jre.full.win32.x86_64_15.0.2.v20210201-0955/jre/bin/server;C:/Users/tom.lind/.p2/pool/plugins/org.eclipse.justj.openjdk.hotspot.jre.full.win32.x86_64_15.0.2.v20210201-0955/jre/bin;C:\Python310\Scripts\;C:\Python310\;C:\Users\tom.lind\Miniconda2\;C:\Users\tom.lind\Miniconda2\Library\bin;C:\Users\tom.lind\Miniconda2\Scripts;C:\Users\tom.lind\Miniconda2\Lib\site-packages\conda;C:\Users\tom.lind\Miniconda2\Lib\site-packages\conda\Library\mingw-w64\bin;C:\Users\tom.lind\Miniconda2\Lib\site-packages\conda\scripts;C:\Program Files\Git\cmd;C:\cygwin64\bin;%HADOOP_HOME%\bin;C:\WINDOWS\system32;C:\WINDOWS;C:\WINDOWS\System32\Wbem;C:\WINDOWS\System32\WindowsPowerShell\v1.0\;C:\WINDOWS\System32\OpenSSH\;C:\Program Files\Intel\WiFi\bin\;C:\Program Files\Common Files\Intel\WirelessCommon\;C:\Program Files (x86)\Skype\Phone\;C:\Program Files\Docker\Docker\resources\bin;C:\ProgramData\DockerDesktop\version-bin;C:\Program Files\PuTTY\;C:\ProgramData\chocolatey\bin;C:\Program Files\nodejs\;C:\Program Files\MySQL\MySQL Shell 8.0\bin\;C:\Users\tom.lind\AppData\Local\Microsoft\WindowsApps;C:\Users\tom.lind\AppData\Local\GitHubDesktop\bin;C:\Program Files\Java\jdk1.8.0_261\bin;C:\Users\tom.lind\AppData\Roaming\npm;C:\Program Files\nodejs;C:\Program Files\Git;;C:\Program Files\JetBrains\IntelliJ IDEA 2021.3\bin;;C:\WINDOWS\system32;
USERNAME=Tom.Lind
OS=Windows_NT
PROCESSOR_IDENTIFIER=Intel64 Family 6 Model 142 Stepping 12, GenuineIntel



---------------  S Y S T E M  ---------------

OS:
 Windows 10 , 64 bit Build 19041 (10.0.19041.1348)
OS uptime: 9 days 1:09 hours
HyperV virtualization detected

CPU: total 8 (initial active 8) (4 cores per cpu, 2 threads per core) family 6 model 142 stepping 12 microcode 0xb8, cmov, cx8, fxsr, mmx, sse, sse2, sse3, ssse3, sse4.1, sse4.2, popcnt, vzeroupper, avx, avx2, aes, clmul, erms, 3dnowpref, lzcnt, ht, tsc, tscinvbit, bmi1, bmi2, adx, fma, clflush, clflushopt

Memory: 4k page, system-wide physical 40116M (19105M free)
TotalPageFile size 100450M (AvailPageFile size 236M)
current process WorkingSet (physical memory assigned to process): 10M, peak: 10M
current process commit charge ("private bytes"): 60M, peak: 692M

vm_info: OpenJDK 64-Bit Server VM (15.0.2+7-27) for windows-amd64 JRE (15.0.2+7-27), built on Dec  7 2020 20:02:38 by "mach5one" with unknown MS VC++:1925

END.
